<?xml version="1.0" encoding="UTF-8"?>
<!-- Generated by org.testng.reporters.JUnitReportReporter -->
<testsuite hostname="SHISHIR" failures="0" tests="1" name="resumeAnalyzer.testcases.AdhocTest" time="126.552" errors="0" timestamp="2024-01-29T22:46:40 BDT" skipped="0">
  <testcase classname="resumeAnalyzer.testcases.AdhocTest" name="AdhocPageTest" time="126.552"/>
  <system-out/>
</testsuite> <!-- resumeAnalyzer.testcases.AdhocTest -->
