<?xml version="1.0" encoding="UTF-8"?>
<!-- Generated by org.testng.reporters.JUnitReportReporter -->
<testsuite hostname="SHISHIR" failures="0" tests="1" name="resumeAnalyzer.testcases.CheckOrderStatusTest" time="40.799" errors="0" timestamp="2023-12-26T01:16:50 BDT" skipped="0">
  <testcase classname="resumeAnalyzer.testcases.CheckOrderStatusTest" name="productReviewTest" time="40.799"/>
  <system-out/>
</testsuite> <!-- resumeAnalyzer.testcases.CheckOrderStatusTest -->
