<?xml version="1.0" encoding="UTF-8"?>
<!-- Generated by org.testng.reporters.JUnitReportReporter -->
<testsuite hostname="SHISHIR" failures="0" tests="1" name="resumeAnalyzer.testcases.ProductReviewTest" time="129.289" errors="0" timestamp="2023-12-07T11:41:26 BDT" skipped="0">
  <testcase classname="resumeAnalyzer.testcases.ProductReviewTest" name="productReviewTest" time="129.289"/>
  <system-out/>
</testsuite> <!-- resumeAnalyzer.testcases.ProductReviewTest -->
